<?xml version="1.0" encoding="UTF-8"?>
<!-- Generated by org.testng.reporters.JUnitReportReporter -->
<testsuite hostname="DESKTOP-4MSVC5H" failures="0" tests="3" name="sel1.CrossBr" time="78.812" errors="0" timestamp="2023-04-13T13:12:04 IST" skipped="0">
  <testcase classname="sel1.CrossBr" name="petStoreTC1" time="26.587"/>
  <system-out/>
  <testcase classname="sel1.CrossBr" name="petStoreTC1" time="26.384"/>
  <system-out/>
  <testcase classname="sel1.CrossBr" name="petStoreTC1" time="25.841"/>
  <system-out/>
</testsuite> <!-- sel1.CrossBr -->
